[debug] [2023-10-16T15:55:33.068Z] ----------------------------------------------------------------------
[debug] [2023-10-16T15:55:33.069Z] Command:       /home/diego/.nvm/versions/node/v20.8.1/bin/node /home/diego/.nvm/versions/node/v20.8.1/bin/firebase init hosting
[debug] [2023-10-16T15:55:33.069Z] CLI Version:   12.7.0
[debug] [2023-10-16T15:55:33.069Z] Platform:      linux
[debug] [2023-10-16T15:55:33.069Z] Node Version:  v20.8.1
[debug] [2023-10-16T15:55:33.069Z] Time:          Mon Oct 16 2023 10:55:33 GMT-0500 (Colombia Standard Time)
[debug] [2023-10-16T15:55:33.069Z] ----------------------------------------------------------------------
[debug] 
[debug] [2023-10-16T15:55:33.110Z] > command requires scopes: ["email","openid","https://www.googleapis.com/auth/cloudplatformprojects.readonly","https://www.googleapis.com/auth/firebase","https://www.googleapis.com/auth/cloud-platform"]
[debug] [2023-10-16T15:55:33.110Z] > authorizing via signed-in user (digpolo@gmail.com)
[info] 
     ######## #### ########  ######## ########     ###     ######  ########
     ##        ##  ##     ## ##       ##     ##  ##   ##  ##       ##
     ######    ##  ########  ######   ########  #########  ######  ######
     ##        ##  ##    ##  ##       ##     ## ##     ##       ## ##
     ##       #### ##     ## ######## ########  ##     ##  ######  ########

You're about to initialize a Firebase project in this directory:

  /home/diego/dr-hernan

Before we get started, keep in mind:

  * You are initializing within an existing Firebase project directory

[info] 
=== Project Setup
[info] 
[info] First, let's associate this project directory with a Firebase project.
[info] You can create multiple project aliases by running firebase use --add, 
[info] but for now we'll just set up a default project.
[info] 
[debug] [2023-10-16T15:55:33.113Z] Using project from CLI flag: dr-hernan
[debug] [2023-10-16T15:55:33.114Z] >>> [apiv2][query] GET https://firebase.googleapis.com/v1beta1/projects/dr-hernan [none]
[debug] [2023-10-16T15:55:33.660Z] <<< [apiv2][status] GET https://firebase.googleapis.com/v1beta1/projects/dr-hernan 200
[debug] [2023-10-16T15:55:33.660Z] <<< [apiv2][body] GET https://firebase.googleapis.com/v1beta1/projects/dr-hernan {"projectId":"dr-hernan","projectNumber":"519881324824","displayName":"dr-hernan","name":"projects/dr-hernan","resources":{"hostingSite":"dr-hernan"},"state":"ACTIVE","etag":"1_b96f0402-803d-431f-9d95-e665f368493e"}
[info] i  Using project dr-hernan (dr-hernan) 
[info] 
=== Hosting Setup
